<?xml version="1.0" encoding="UTF-8"?>
<testng-results ignored="0" total="2" passed="2" failed="0" skipped="0">
  <reporter-output>
  </reporter-output>
  <suite started-at="2022-01-31T13:26:03 IST" name="All Test Suite" finished-at="2022-01-31T13:26:03 IST" duration-ms="31">
    <groups>
    </groups>
    <test started-at="2022-01-31T13:26:03 IST" name="C:/Users/siddharthagupta/IdeaProjects/maven-demo/src/test/resources" finished-at="2022-01-31T13:26:03 IST" duration-ms="31">
      <class name="DemoTest">
        <test-method signature="Method1()[pri:0, instance:DemoTest@b3ca52e]" started-at="2022-01-31T13:26:03 IST" name="Method1" finished-at="2022-01-31T13:26:03 IST" duration-ms="3" status="PASS">
          <reporter-output>
          </reporter-output>
        </test-method> <!-- Method1 -->
        <test-method signature="Method2()[pri:0, instance:DemoTest@b3ca52e]" started-at="2022-01-31T13:26:03 IST" name="Method2" finished-at="2022-01-31T13:26:03 IST" duration-ms="0" status="PASS">
          <reporter-output>
          </reporter-output>
        </test-method> <!-- Method2 -->
      </class> <!-- DemoTest -->
    </test> <!-- C:/Users/siddharthagupta/IdeaProjects/maven-demo/src/test/resources -->
  </suite> <!-- All Test Suite -->
</testng-results>
